<?xml version="1.0" encoding="UTF-8"?>
<testsuite xmlns:xsi="http://www.w3.org/2001/XMLSchema-instance" xsi:noNamespaceSchemaLocation="https://maven.apache.org/surefire/maven-surefire-plugin/xsd/surefire-test-report-3.0.xsd" version="3.0" name="selab.desktop.resource_management.ResourceManagementPlatformApplicationTests" time="3.555" tests="1" errors="0" skipped="0" failures="0">
  <properties>
[...]
</properties>
  <testcase name="add01" classname="selab.desktop.resource_management.ResourceManagementPlatformApplicationTests" time="0.816">
    <system-out><![CDATA[09:17:01.750 [main] INFO org.springframework.test.context.support.AnnotationConfigContextLoaderUtils -- Could not detect default configuration classes for test class [selab.desktop.resource_management.ResourceManagementPlatformApplicationTests]: ResourceManagementPlatformApplicationTests does not declare any static, non-private, non-final, nested classes annotated with @Configuration.
09:17:01.826 [main] INFO org.springframework.boot.test.context.SpringBootTestContextBootstrapper -- Found @SpringBootConfiguration selab.desktop.resource_management.ResourceManagementPlatformApplication for test class selab.desktop.resource_management.ResourceManagementPlatformApplicationTests

  .   ____          _            __ _ _
 /\\ / ___'_ __ _ _(_)_ __  __ _ \ \ \ \
( ( )\___ | '_ | '_| | '_ \/ _` | \ \ \ \
 \\/  ___)| |_)| | | | | || (_| |  ) ) ) )
  '  |____| .__|_| |_|_| |_\__, | / / / /
 =========|_|==============|___/=/_/_/_/
 :: Spring Boot ::                (v3.1.1)

2023-07-24T09:17:02.127+08:00  INFO 25256 --- [           main] sourceManagementPlatformApplicationTests : Starting ResourceManagementPlatformApplicationTests using Java 17.0.7 with PID 25256 (started by 哖輕 涙 in D:\Work\Work2 (JAVA)\resource_management_platform)
2023-07-24T09:17:02.128+08:00  INFO 25256 --- [           main] sourceManagementPlatformApplicationTests : No active profile set, falling back to 1 default profile: "default"
Logging initialized using 'class org.apache.ibatis.logging.stdout.StdOutImpl' adapter.
Property 'mapperLocations' was not specified.
 _ _   |_  _ _|_. ___ _ |    _ 
| | |\/|_)(_| | |_\  |_)||_|_\ 
     /               |         
                        3.5.3.1 
2023-07-24T09:17:04.354+08:00  INFO 25256 --- [           main] sourceManagementPlatformApplicationTests : Started ResourceManagementPlatformApplicationTests in 2.421 seconds (process running for 3.064)
sb
]]></system-out>
    <system-err><![CDATA[SLF4J: Class path contains multiple SLF4J providers.
SLF4J: Found provider [ch.qos.logback.classic.spi.LogbackServiceProvider@1fa121e2]
SLF4J: Found provider [org.slf4j.reload4j.Reload4jServiceProvider@7eac9008]
SLF4J: See https://www.slf4j.org/codes.html#multiple_bindings for an explanation.
SLF4J: Actual provider is of type [ch.qos.logback.classic.spi.LogbackServiceProvider@1fa121e2]
]]></system-err>
  </testcase>
</testsuite>